[2020-11-22T16:56:36.665] [DEBUG] cheese - login => username:sz,password:123456
[2020-11-22T16:56:36.667] [DEBUG] cheese - sz
[2020-11-22T16:56:36.683] [DEBUG] cheese - null
[2020-11-22T16:56:36.683] [DEBUG] cheese - null
[2020-11-22T16:57:19.544] [DEBUG] cheese - login => username:admin,password:123456
[2020-11-22T16:57:19.544] [DEBUG] cheese - admin
[2020-11-22T16:57:19.555] [DEBUG] cheese - null
[2020-11-22T16:57:19.556] [DEBUG] cheese - null
[2020-11-23T11:45:03.935] [DEBUG] cheese - login => username:admin,password:123456
[2020-11-23T11:45:03.937] [DEBUG] cheese - admin
[2020-11-23T11:45:04.541] [DEBUG] cheese - null
[2020-11-23T11:45:04.541] [DEBUG] cheese - null
[2020-11-23T20:18:56.761] [DEBUG] cheese - login => username:1111,password:123456
[2020-11-23T20:18:56.763] [DEBUG] cheese - 1111
[2020-11-23T20:18:56.981] [DEBUG] cheese - null
[2020-11-23T20:18:56.981] [DEBUG] cheese - null
[2020-11-25T20:21:18.396] [DEBUG] cheese - login => username:admin,password:123456
[2020-11-25T20:21:18.398] [DEBUG] cheese - admin
[2020-11-25T20:21:18.706] [DEBUG] cheese - null
[2020-11-25T20:21:18.706] [DEBUG] cheese - null
[2020-11-25T20:21:39.640] [DEBUG] cheese - login => username:admin,password:1234561
[2020-11-25T20:21:39.640] [DEBUG] cheese - admin
[2020-11-25T20:21:39.642] [DEBUG] cheese - null
[2020-11-25T20:21:39.642] [DEBUG] cheese - null
[2020-11-25T20:21:47.079] [DEBUG] cheese - login => username:admin,password:1234561111111
[2020-11-25T20:21:47.079] [DEBUG] cheese - admin
[2020-11-25T20:21:47.082] [DEBUG] cheese - null
[2020-11-25T20:21:47.082] [DEBUG] cheese - null
[2020-11-25T20:21:53.334] [DEBUG] cheese - login => username:admin11111,password:1234561111111
[2020-11-25T20:21:53.334] [DEBUG] cheese - admin11111
[2020-11-25T20:21:53.337] [DEBUG] cheese - null
[2020-11-25T20:21:53.337] [DEBUG] cheese - null
[2020-11-25T20:21:56.923] [DEBUG] cheese - login => username:admin,password:123456
[2020-11-25T20:21:56.923] [DEBUG] cheese - admin
[2020-11-25T20:21:56.926] [DEBUG] cheese - null
[2020-11-25T20:21:56.927] [DEBUG] cheese - null
[2020-11-25T20:22:51.173] [DEBUG] cheese - login => username:admin,password:123456
[2020-11-25T20:22:51.173] [DEBUG] cheese - admin
[2020-11-25T20:22:51.176] [DEBUG] cheese - null
[2020-11-25T20:22:51.177] [DEBUG] cheese - null
[2020-11-25T20:23:35.564] [DEBUG] cheese - login => username:admin,password:123456
[2020-11-25T20:23:35.565] [DEBUG] cheese - admin
[2020-11-25T20:23:35.571] [DEBUG] cheese - null
[2020-11-25T20:23:35.572] [DEBUG] cheese - null
[2020-11-25T21:02:18.277] [DEBUG] cheese - login => username:admin,password:123456
[2020-11-25T21:02:18.277] [DEBUG] cheese - admin
[2020-11-25T21:02:18.314] [DEBUG] cheese - null
[2020-11-25T21:02:18.314] [DEBUG] cheese - null
[2020-11-25T21:07:57.451] [DEBUG] cheese - login => username:admin,password:123456
[2020-11-25T21:07:57.451] [DEBUG] cheese - admin
[2020-11-25T21:07:57.454] [DEBUG] cheese - null
[2020-11-25T21:07:57.454] [DEBUG] cheese - null
[2020-11-25T21:08:05.967] [DEBUG] cheese - login => username:admin1111,password:123456
[2020-11-25T21:08:05.968] [DEBUG] cheese - admin1111
[2020-11-25T21:08:05.970] [DEBUG] cheese - null
[2020-11-25T21:08:05.970] [DEBUG] cheese - null
[2020-11-25T21:08:09.716] [DEBUG] cheese - login => username:admin1111,password:123456
[2020-11-25T21:08:09.716] [DEBUG] cheese - admin1111
[2020-11-25T21:08:09.717] [DEBUG] cheese - null
[2020-11-25T21:08:09.717] [DEBUG] cheese - null
[2020-11-25T21:08:10.417] [DEBUG] cheese - login => username:admin1111,password:123456
[2020-11-25T21:08:10.417] [DEBUG] cheese - admin1111
[2020-11-25T21:08:10.419] [DEBUG] cheese - null
[2020-11-25T21:08:10.419] [DEBUG] cheese - null
[2020-11-25T21:17:54.345] [DEBUG] cheese - login => username:admin,password:123456
[2020-11-25T21:17:54.345] [DEBUG] cheese - admin
[2020-11-25T21:17:54.348] [DEBUG] cheese - null
[2020-11-25T21:17:54.348] [DEBUG] cheese - null
[2020-11-25T21:18:09.345] [DEBUG] cheese - login => username:admin,password:123456
[2020-11-25T21:18:09.345] [DEBUG] cheese - admin
[2020-11-25T21:18:09.347] [DEBUG] cheese - null
[2020-11-25T21:18:09.347] [DEBUG] cheese - null
[2020-11-25T21:20:34.262] [DEBUG] cheese - login => username:admin,password:123456
[2020-11-25T21:20:34.262] [DEBUG] cheese - admin
[2020-11-25T21:20:34.265] [DEBUG] cheese - null
[2020-11-25T21:20:34.265] [DEBUG] cheese - null
[2020-11-25T21:33:43.139] [DEBUG] cheese - login => username:admin,password:123456
[2020-11-25T21:33:43.139] [DEBUG] cheese - admin
[2020-11-25T21:33:43.143] [DEBUG] cheese - null
[2020-11-25T21:33:43.143] [DEBUG] cheese - null
[2020-11-25T21:33:47.631] [DEBUG] cheese - login => username:admin,password:1234561
[2020-11-25T21:33:47.631] [DEBUG] cheese - admin
[2020-11-25T21:33:47.634] [DEBUG] cheese - null
[2020-11-25T21:33:47.634] [DEBUG] cheese - null
[2020-11-25T21:33:48.676] [DEBUG] cheese - login => username:admin,password:1234561
[2020-11-25T21:33:48.676] [DEBUG] cheese - admin
[2020-11-25T21:33:48.677] [DEBUG] cheese - null
[2020-11-25T21:33:48.678] [DEBUG] cheese - null
[2020-11-25T21:33:49.958] [DEBUG] cheese - login => username:admin,password:1234561
[2020-11-25T21:33:49.958] [DEBUG] cheese - admin
[2020-11-25T21:33:49.961] [DEBUG] cheese - null
[2020-11-25T21:33:49.961] [DEBUG] cheese - null
[2020-11-25T21:33:50.720] [DEBUG] cheese - login => username:admin,password:1234561
[2020-11-25T21:33:50.721] [DEBUG] cheese - admin
[2020-11-25T21:33:50.722] [DEBUG] cheese - null
[2020-11-25T21:33:50.722] [DEBUG] cheese - null
[2020-11-25T21:33:56.652] [DEBUG] cheese - login => username:admin1,password:1234561
[2020-11-25T21:33:56.652] [DEBUG] cheese - admin1
[2020-11-25T21:33:56.664] [DEBUG] cheese - null
[2020-11-25T21:33:56.664] [DEBUG] cheese - null
[2020-11-25T21:33:59.820] [DEBUG] cheese - login => username:admin1,password:123456111
[2020-11-25T21:33:59.820] [DEBUG] cheese - admin1
[2020-11-25T21:33:59.822] [DEBUG] cheese - null
[2020-11-25T21:33:59.822] [DEBUG] cheese - null
[2020-11-25T21:34:00.549] [DEBUG] cheese - login => username:admin1,password:123456111
[2020-11-25T21:34:00.549] [DEBUG] cheese - admin1
[2020-11-25T21:34:00.552] [DEBUG] cheese - null
[2020-11-25T21:34:00.552] [DEBUG] cheese - null
[2020-11-25T21:36:23.513] [DEBUG] cheese - login => username:admin,password:123456
[2020-11-25T21:36:23.514] [DEBUG] cheese - admin
[2020-11-25T21:36:23.516] [DEBUG] cheese - null
[2020-11-25T21:36:23.516] [DEBUG] cheese - null
[2020-11-25T21:40:48.685] [DEBUG] cheese - login => username:admin,password:123456
[2020-11-25T21:40:48.686] [DEBUG] cheese - admin
[2020-11-25T21:40:48.689] [DEBUG] cheese - null
[2020-11-25T21:40:48.689] [DEBUG] cheese - null
[2020-11-25T21:40:54.738] [DEBUG] cheese - login => username:admin,password:123456
[2020-11-25T21:40:54.738] [DEBUG] cheese - admin
[2020-11-25T21:40:54.742] [DEBUG] cheese - null
[2020-11-25T21:40:54.742] [DEBUG] cheese - null
[2020-11-25T21:41:27.047] [DEBUG] cheese - login => username:admin,password:123456
[2020-11-25T21:41:27.047] [DEBUG] cheese - admin
[2020-11-25T21:41:27.049] [DEBUG] cheese - null
[2020-11-25T21:41:27.049] [DEBUG] cheese - null
[2020-11-25T21:41:46.674] [DEBUG] cheese - login => username:admin,password:123456
[2020-11-25T21:41:46.674] [DEBUG] cheese - admin
[2020-11-25T21:41:46.676] [DEBUG] cheese - null
[2020-11-25T21:41:46.676] [DEBUG] cheese - null
[2020-11-25T21:42:50.013] [DEBUG] cheese - login => username:admin,password:123456
[2020-11-25T21:42:50.014] [DEBUG] cheese - admin
[2020-11-25T21:42:50.016] [DEBUG] cheese - null
[2020-11-25T21:42:50.016] [DEBUG] cheese - null
[2020-11-25T21:43:06.604] [DEBUG] cheese - login => username:admin,password:123456
[2020-11-25T21:43:06.604] [DEBUG] cheese - admin
[2020-11-25T21:43:06.607] [DEBUG] cheese - null
[2020-11-25T21:43:06.607] [DEBUG] cheese - null
[2020-11-25T21:43:21.436] [DEBUG] cheese - login => username:admin,password:123456
[2020-11-25T21:43:21.437] [DEBUG] cheese - admin
[2020-11-25T21:43:21.438] [DEBUG] cheese - null
[2020-11-25T21:43:21.438] [DEBUG] cheese - null
[2020-11-25T21:43:59.811] [DEBUG] cheese - login => username:admin,password:123456
[2020-11-25T21:43:59.811] [DEBUG] cheese - admin
[2020-11-25T21:43:59.815] [DEBUG] cheese - null
[2020-11-25T21:43:59.815] [DEBUG] cheese - null
[2020-11-25T21:44:18.667] [DEBUG] cheese - login => username:admin,password:123456
[2020-11-25T21:44:18.667] [DEBUG] cheese - admin
[2020-11-25T21:44:18.669] [DEBUG] cheese - null
[2020-11-25T21:44:18.669] [DEBUG] cheese - null
[2020-11-25T21:44:28.138] [DEBUG] cheese - login => username:admin,password:123456
[2020-11-25T21:44:28.138] [DEBUG] cheese - admin
[2020-11-25T21:44:28.140] [DEBUG] cheese - null
[2020-11-25T21:44:28.140] [DEBUG] cheese - null
[2020-11-25T21:47:04.642] [DEBUG] cheese - login => username:admin,password:123456
[2020-11-25T21:47:04.643] [DEBUG] cheese - admin
[2020-11-25T21:47:04.646] [DEBUG] cheese - null
[2020-11-25T21:47:04.647] [DEBUG] cheese - null
[2020-11-25T21:47:18.942] [DEBUG] cheese - login => username:admin,password:1234561111
[2020-11-25T21:47:18.943] [DEBUG] cheese - admin
[2020-11-25T21:47:18.945] [DEBUG] cheese - null
[2020-11-25T21:47:18.945] [DEBUG] cheese - null
[2020-11-25T21:47:45.640] [DEBUG] cheese - login => username:admin,password:123456
[2020-11-25T21:47:45.640] [DEBUG] cheese - admin
[2020-11-25T21:47:45.643] [DEBUG] cheese - null
[2020-11-25T21:47:45.643] [DEBUG] cheese - null
[2020-11-25T21:50:57.926] [DEBUG] cheese - login => username:admin,password:123456
[2020-11-25T21:50:57.926] [DEBUG] cheese - admin
[2020-11-25T21:50:57.931] [DEBUG] cheese - null
[2020-11-25T21:50:57.931] [DEBUG] cheese - null
[2020-11-25T21:51:02.278] [DEBUG] cheese - login => username:admin,password:123456
[2020-11-25T21:51:02.278] [DEBUG] cheese - admin
[2020-11-25T21:51:02.280] [DEBUG] cheese - null
[2020-11-25T21:51:02.280] [DEBUG] cheese - null
[2020-11-25T21:51:04.712] [DEBUG] cheese - login => username:admin,password:123456
[2020-11-25T21:51:04.712] [DEBUG] cheese - admin
[2020-11-25T21:51:04.714] [DEBUG] cheese - null
[2020-11-25T21:51:04.714] [DEBUG] cheese - null
[2020-11-26T09:30:05.231] [DEBUG] cheese - login => username:admin,password:123456
[2020-11-26T09:30:05.232] [DEBUG] cheese - admin
[2020-11-26T09:30:05.417] [DEBUG] cheese - null
[2020-11-26T09:30:05.417] [DEBUG] cheese - null
[2020-11-26T09:30:08.316] [DEBUG] cheese - login => username:admin,password:123456
[2020-11-26T09:30:08.317] [DEBUG] cheese - admin
[2020-11-26T09:30:08.326] [DEBUG] cheese - null
[2020-11-26T09:30:08.327] [DEBUG] cheese - null
[2020-11-26T15:04:37.325] [DEBUG] cheese - login => username:admin,password:123456
[2020-11-26T15:04:37.326] [DEBUG] cheese - admin
[2020-11-26T15:04:37.392] [DEBUG] cheese - null
[2020-11-26T15:04:37.392] [DEBUG] cheese - null
[2020-11-26T15:04:40.076] [DEBUG] cheese - login => username:admin,password:123456
[2020-11-26T15:04:40.077] [DEBUG] cheese - admin
[2020-11-26T15:04:40.078] [DEBUG] cheese - null
[2020-11-26T15:04:40.078] [DEBUG] cheese - null
